<?xml version="1.0" encoding="UTF-8"?>
<!-- Generated by org.testng.reporters.JUnitReportReporter -->
<testsuite hostname="DESKTOP-6I045IC" failures="0" tests="3" name="testing.Test1" time="8.743" errors="0" timestamp="2024-03-29T01:27:43 IST" skipped="0">
  <testcase classname="testing.Test1" name="c" time="8.739"/>
  <testcase classname="testing.Test1" name="a" time="0.002"/>
  <testcase classname="testing.Test1" name="b" time="0.002"/>
</testsuite> <!-- testing.Test1 -->
